{"uid":"4b4757e66a1912dae1a509f688f20b0f","name":"categories","children":[{"name":"Test defects","children":[{"name":"TypeError: appium.webdriver.webdriver.WebDriver.find_element() argument after * must be an iterable, not RaisesContext","children":[{"name":"test_upload_file","uid":"34d3e81028e5dc3","parentUid":"2030a1aafe34cb633d7a6522c091cc03","status":"broken","time":{"start":1692275793676,"stop":1692275806038,"duration":12362},"flaky":false,"newFailed":false,"newPassed":false,"newBroken":false,"retriesCount":0,"retriesStatusChange":false,"parameters":[],"tags":["@pytest.mark.usefixtures"]}],"uid":"2030a1aafe34cb633d7a6522c091cc03"}],"uid":"bdbf199525818fae7a8651db9eafe741"},{"name":"Product defects","children":[{"name":"AssertionError: !!!! Test Failed! Pre-condition does not met - User is not logged in the application !!!!\nassert False\n +  where False = <bound method loginScreen.verify_login of <src.main.pages.login_screen.loginScreen object at 0x000001CF9D3FED90>>()\n +    where <bound method loginScreen.verify_login of <src.main.pages.login_screen.loginScreen object at 0x000001CF9D3FED90>> = <src.main.pages.login_screen.loginScreen object at 0x000001CF9D3FED90>.verify_login\n +      where <src.main.pages.login_screen.loginScreen object at 0x000001CF9D3FED90> = loginScreen(<appium.webdriver.webdriver.WebDriver (session=\"0072e2ef93af12a8d6b5c81a1f69da556f4ce0d0\")>)","children":[{"name":"test_delete_folder","uid":"56ff5f7dd7c73cc0","parentUid":"2bf162cf0ca71835c0547d26b6cf1b7b","status":"failed","time":{"start":1692275807355,"stop":1692275817801,"duration":10446},"flaky":false,"newFailed":false,"newPassed":false,"newBroken":false,"retriesCount":0,"retriesStatusChange":false,"parameters":[],"tags":["@pytest.mark.usefixtures"]}],"uid":"2bf162cf0ca71835c0547d26b6cf1b7b"},{"name":"AssertionError: !!!! Test Failed! Pre-condition does not met - User is not logged in the application !!!!\nassert False\n +  where False = <bound method loginScreen.verify_login of <src.main.pages.login_screen.loginScreen object at 0x000001CF9D243B90>>()\n +    where <bound method loginScreen.verify_login of <src.main.pages.login_screen.loginScreen object at 0x000001CF9D243B90>> = <src.main.pages.login_screen.loginScreen object at 0x000001CF9D243B90>.verify_login\n +      where <src.main.pages.login_screen.loginScreen object at 0x000001CF9D243B90> = loginScreen(<appium.webdriver.webdriver.WebDriver (session=\"0072e2ef93af12a8d6b5c81a1f69da556f4ce0d0\")>)","children":[{"name":"test_delete_file","uid":"6f0e4f044ebb6e5","parentUid":"5217f0ebc80c0f96e582af7a2783bc79","status":"failed","time":{"start":1692275818976,"stop":1692275829054,"duration":10078},"flaky":false,"newFailed":false,"newPassed":false,"newBroken":false,"retriesCount":0,"retriesStatusChange":false,"parameters":[],"tags":["@pytest.mark.usefixtures"]}],"uid":"5217f0ebc80c0f96e582af7a2783bc79"},{"name":"AssertionError: !!!! Test Failed! Pre-condition does not met - User is not logged in the application !!!!\nassert False\n +  where False = <bound method loginScreen.verify_login of <src.main.pages.login_screen.loginScreen object at 0x000001CF9D0DBC10>>()\n +    where <bound method loginScreen.verify_login of <src.main.pages.login_screen.loginScreen object at 0x000001CF9D0DBC10>> = <src.main.pages.login_screen.loginScreen object at 0x000001CF9D0DBC10>.verify_login\n +      where <src.main.pages.login_screen.loginScreen object at 0x000001CF9D0DBC10> = loginScreen(<appium.webdriver.webdriver.WebDriver (session=\"0072e2ef93af12a8d6b5c81a1f69da556f4ce0d0\")>)","children":[{"name":"test_user_logout","uid":"b1307acda2e498f3","parentUid":"4940df744de4fb7aec954f1ad847472e","status":"failed","time":{"start":1692275830445,"stop":1692275840742,"duration":10297},"flaky":false,"newFailed":false,"newPassed":false,"newBroken":false,"retriesCount":0,"retriesStatusChange":false,"parameters":[],"tags":["@pytest.mark.usefixtures"]}],"uid":"4940df744de4fb7aec954f1ad847472e"}],"uid":"8fb3a91ba5aaf9de24cc8a92edc82b5d"}]}