{"uid":"56ff5f7dd7c73cc0","name":"test_delete_folder","fullName":"src.python.tests.test_TC_004_delete_content#test_delete_folder","historyId":"49b599583c3295b7e2e89c1af48fc0d0","time":{"start":1692275807355,"stop":1692275817801,"duration":10446},"description":"delete_content.feature: Delete Folder","descriptionHtml":"<p>delete_content.feature: Delete Folder</p>\n","status":"failed","statusMessage":"AssertionError: !!!! Test Failed! Pre-condition does not met - User is not logged in the application !!!!\nassert False\n +  where False = <bound method loginScreen.verify_login of <src.main.pages.login_screen.loginScreen object at 0x000001CF9D3FED90>>()\n +    where <bound method loginScreen.verify_login of <src.main.pages.login_screen.loginScreen object at 0x000001CF9D3FED90>> = <src.main.pages.login_screen.loginScreen object at 0x000001CF9D3FED90>.verify_login\n +      where <src.main.pages.login_screen.loginScreen object at 0x000001CF9D3FED90> = loginScreen(<appium.webdriver.webdriver.WebDriver (session=\"0072e2ef93af12a8d6b5c81a1f69da556f4ce0d0\")>)","statusTrace":"fixturefunc = <function pre_condition_1 at 0x000001CF9D0B8CC0>, request = <FixtureRequest for <Function test_delete_folder>>\nkwargs = {'appium_driver': <appium.webdriver.webdriver.WebDriver (session=\"0072e2ef93af12a8d6b5c81a1f69da556f4ce0d0\")>}\n\n    def call_fixture_func(\n        fixturefunc: \"_FixtureFunc[FixtureValue]\", request: FixtureRequest, kwargs\n    ) -> FixtureValue:\n        if is_generator(fixturefunc):\n            fixturefunc = cast(\n                Callable[..., Generator[FixtureValue, None, None]], fixturefunc\n            )\n            generator = fixturefunc(**kwargs)\n            try:\n                fixture_result = next(generator)\n            except StopIteration:\n                raise ValueError(f\"{request.fixturename} did not yield a value\") from None\n            finalizer = functools.partial(_teardown_yield_fixture, fixturefunc, generator)\n            request.addfinalizer(finalizer)\n        else:\n            fixturefunc = cast(Callable[..., FixtureValue], fixturefunc)\n>           fixture_result = fixturefunc(**kwargs)\n\nvenv\\Lib\\site-packages\\_pytest\\fixtures.py:902: \n_ _ _ _ _ _ _ _ _ _ _ _ _ _ _ _ _ _ _ _ _ _ _ _ _ _ _ _ _ _ _ _ _ _ _ _ _ _ _ _ _ _ _ _ _ _ _ _ _ _ _ _ _ _ _ _ _ _ _ _ _ _ _ _ _ _ _ _ _ _ _ _ _ _ _ _ _ _ _ _ _ _ _ _ _ _ _ _ _ _\n\nappium_driver = <appium.webdriver.webdriver.WebDriver (session=\"0072e2ef93af12a8d6b5c81a1f69da556f4ce0d0\")>\n\n    @given('User is logged in the application')\n    def pre_condition_1(appium_driver):\n        global driver\n        driver = appium_driver\n>       assert loginScreen(driver).verify_login(), (\"!!!! Test Failed! Pre-condition does not met - User is not \"\n                                                    \"logged in the application !!!!\")\nE       AssertionError: !!!! Test Failed! Pre-condition does not met - User is not logged in the application !!!!\nE       assert False\nE        +  where False = <bound method loginScreen.verify_login of <src.main.pages.login_screen.loginScreen object at 0x000001CF9D3FED90>>()\nE        +    where <bound method loginScreen.verify_login of <src.main.pages.login_screen.loginScreen object at 0x000001CF9D3FED90>> = <src.main.pages.login_screen.loginScreen object at 0x000001CF9D3FED90>.verify_login\nE        +      where <src.main.pages.login_screen.loginScreen object at 0x000001CF9D3FED90> = loginScreen(<appium.webdriver.webdriver.WebDriver (session=\"0072e2ef93af12a8d6b5c81a1f69da556f4ce0d0\")>)\n\nsrc\\python\\tests\\test_TC_004_delete_content.py:22: AssertionError","flaky":false,"newFailed":false,"newBroken":false,"newPassed":false,"retriesCount":0,"retriesStatusChange":false,"beforeStages":[{"name":"appium_driver","time":{"start":1692275739240,"stop":1692275773914,"duration":34674},"status":"passed","steps":[],"attachments":[],"parameters":[],"hasContent":false,"stepsCount":0,"attachmentsCount":0,"shouldDisplayMessage":false},{"name":"teardown","time":{"start":1692275773915,"stop":1692275773915,"duration":0},"status":"passed","steps":[],"attachments":[],"parameters":[],"hasContent":false,"stepsCount":0,"attachmentsCount":0,"shouldDisplayMessage":false},{"name":"_pytest_bdd_example","time":{"start":1692275807354,"stop":1692275807354,"duration":0},"status":"passed","steps":[],"attachments":[],"parameters":[],"hasContent":false,"stepsCount":0,"attachmentsCount":0,"shouldDisplayMessage":false},{"name":"log_on_failure","time":{"start":1692275807354,"stop":1692275807354,"duration":0},"status":"passed","steps":[],"attachments":[],"parameters":[],"hasContent":false,"stepsCount":0,"attachmentsCount":0,"shouldDisplayMessage":false}],"testStage":{"description":"delete_content.feature: Delete Folder","status":"failed","statusMessage":"AssertionError: !!!! Test Failed! Pre-condition does not met - User is not logged in the application !!!!\nassert False\n +  where False = <bound method loginScreen.verify_login of <src.main.pages.login_screen.loginScreen object at 0x000001CF9D3FED90>>()\n +    where <bound method loginScreen.verify_login of <src.main.pages.login_screen.loginScreen object at 0x000001CF9D3FED90>> = <src.main.pages.login_screen.loginScreen object at 0x000001CF9D3FED90>.verify_login\n +      where <src.main.pages.login_screen.loginScreen object at 0x000001CF9D3FED90> = loginScreen(<appium.webdriver.webdriver.WebDriver (session=\"0072e2ef93af12a8d6b5c81a1f69da556f4ce0d0\")>)","statusTrace":"fixturefunc = <function pre_condition_1 at 0x000001CF9D0B8CC0>, request = <FixtureRequest for <Function test_delete_folder>>\nkwargs = {'appium_driver': <appium.webdriver.webdriver.WebDriver (session=\"0072e2ef93af12a8d6b5c81a1f69da556f4ce0d0\")>}\n\n    def call_fixture_func(\n        fixturefunc: \"_FixtureFunc[FixtureValue]\", request: FixtureRequest, kwargs\n    ) -> FixtureValue:\n        if is_generator(fixturefunc):\n            fixturefunc = cast(\n                Callable[..., Generator[FixtureValue, None, None]], fixturefunc\n            )\n            generator = fixturefunc(**kwargs)\n            try:\n                fixture_result = next(generator)\n            except StopIteration:\n                raise ValueError(f\"{request.fixturename} did not yield a value\") from None\n            finalizer = functools.partial(_teardown_yield_fixture, fixturefunc, generator)\n            request.addfinalizer(finalizer)\n        else:\n            fixturefunc = cast(Callable[..., FixtureValue], fixturefunc)\n>           fixture_result = fixturefunc(**kwargs)\n\nvenv\\Lib\\site-packages\\_pytest\\fixtures.py:902: \n_ _ _ _ _ _ _ _ _ _ _ _ _ _ _ _ _ _ _ _ _ _ _ _ _ _ _ _ _ _ _ _ _ _ _ _ _ _ _ _ _ _ _ _ _ _ _ _ _ _ _ _ _ _ _ _ _ _ _ _ _ _ _ _ _ _ _ _ _ _ _ _ _ _ _ _ _ _ _ _ _ _ _ _ _ _ _ _ _ _\n\nappium_driver = <appium.webdriver.webdriver.WebDriver (session=\"0072e2ef93af12a8d6b5c81a1f69da556f4ce0d0\")>\n\n    @given('User is logged in the application')\n    def pre_condition_1(appium_driver):\n        global driver\n        driver = appium_driver\n>       assert loginScreen(driver).verify_login(), (\"!!!! Test Failed! Pre-condition does not met - User is not \"\n                                                    \"logged in the application !!!!\")\nE       AssertionError: !!!! Test Failed! Pre-condition does not met - User is not logged in the application !!!!\nE       assert False\nE        +  where False = <bound method loginScreen.verify_login of <src.main.pages.login_screen.loginScreen object at 0x000001CF9D3FED90>>()\nE        +    where <bound method loginScreen.verify_login of <src.main.pages.login_screen.loginScreen object at 0x000001CF9D3FED90>> = <src.main.pages.login_screen.loginScreen object at 0x000001CF9D3FED90>.verify_login\nE        +      where <src.main.pages.login_screen.loginScreen object at 0x000001CF9D3FED90> = loginScreen(<appium.webdriver.webdriver.WebDriver (session=\"0072e2ef93af12a8d6b5c81a1f69da556f4ce0d0\")>)\n\nsrc\\python\\tests\\test_TC_004_delete_content.py:22: AssertionError","steps":[],"attachments":[{"uid":"621bc138b904c5c0","name":"stdout","source":"621bc138b904c5c0.txt","type":"text/plain","size":120}],"parameters":[],"hasContent":true,"stepsCount":0,"attachmentsCount":1,"shouldDisplayMessage":true},"afterStages":[{"name":"log_on_failure::0","time":{"start":1692275817844,"stop":1692275818954,"duration":1110},"status":"passed","steps":[],"attachments":[{"uid":"ed1c7578eabada37","name":"test_delete_folder_2023_08_17_18_06.png","source":"ed1c7578eabada37.png","type":"image/png","size":154164}],"parameters":[],"hasContent":true,"stepsCount":0,"attachmentsCount":1,"shouldDisplayMessage":false},{"name":"teardown::0","time":{"start":1692275841877,"stop":1692275843066,"duration":1189},"status":"passed","steps":[],"attachments":[],"parameters":[],"hasContent":false,"stepsCount":0,"attachmentsCount":0,"shouldDisplayMessage":false}],"labels":[{"name":"tag","value":"@pytest.mark.usefixtures"},{"name":"parentSuite","value":"src.python.tests"},{"name":"suite","value":"test_TC_004_delete_content"},{"name":"host","value":"HAMILTON-QA11L"},{"name":"thread","value":"17924-MainThread"},{"name":"framework","value":"pytest"},{"name":"language","value":"cpython3"},{"name":"package","value":"src.python.tests.test_TC_004_delete_content"},{"name":"resultFormat","value":"allure2"}],"parameters":[],"links":[],"hidden":false,"retry":false,"extra":{"severity":"normal","retries":[],"categories":[{"name":"Product defects","matchedStatuses":[],"flaky":false}],"tags":["@pytest.mark.usefixtures"]},"source":"56ff5f7dd7c73cc0.json","parameterValues":[]}